2020.12.22 12:12:52 INFO  Started: Metals version 0.9.8 in workspace '/Users/zelkins/Desktop/Advent-Of-Code-2020' for client vscode.
2020.12.22 12:12:52 INFO  time: initialize in 0.34s
2020.12.22 12:12:53 WARN  Build server is not auto-connectable.
2020.12.22 12:12:53 WARN  no build tool detected in workspace '/Users/zelkins/Desktop/Advent-Of-Code-2020'. The most common cause for this problem is that the editor was opened in the wrong working directory, for example if you use sbt then the workspace directory should contain build.sbt. 
2020.12.22 12:12:53 WARN  no build target for: /Users/zelkins/Desktop/Advent-Of-Code-2020/day01.scala
2020.12.22 12:12:54 INFO  no build target: using presentation compiler with only scala-library
something's wrong: no file:///Users/zelkins/Desktop/Advent-Of-Code-2020/day01.scala in Array[<error>]RangePosition(file:///Users/zelkins/Desktop/Advent-Of-Code-2020/day01.scala, 39, 39, 54)
something's wrong: no file:///Users/zelkins/Desktop/Advent-Of-Code-2020/day01.scala in Array[<error>]RangePosition(file:///Users/zelkins/Desktop/Advent-Of-Code-2020/day01.scala, 39, 39, 48)
something's wrong: no file:///Users/zelkins/Desktop/Advent-Of-Code-2020/day01.scala in Array[String]RangePosition(file:///Users/zelkins/Desktop/Advent-Of-Code-2020/day01.scala, 39, 39, 52)
something's wrong: no file:///Users/zelkins/Desktop/Advent-Of-Code-2020/day01.scala in Array[String]RangePosition(file:///Users/zelkins/Desktop/Advent-Of-Code-2020/day01.scala, 39, 39, 52)
2020.12.22 12:14:03 WARN  no build target for: /Users/zelkins/Desktop/Advent-Of-Code-2020/day01.scala
2020.12.22 12:14:03 WARN  no build target for: /Users/zelkins/Desktop/Advent-Of-Code-2020/day01.scala
2020.12.22 12:18:04 WARN  no build target for: /Users/zelkins/Desktop/Advent-Of-Code-2020/day01.scala
2020.12.22 12:18:04 WARN  no build target for: /Users/zelkins/Desktop/Advent-Of-Code-2020/day01.scala
2020.12.22 12:23:15 WARN  no build target for: /Users/zelkins/Desktop/Advent-Of-Code-2020/day01.scala
2020.12.22 12:23:15 WARN  no build target for: /Users/zelkins/Desktop/Advent-Of-Code-2020/day01.scala
2020.12.22 12:23:16 WARN  no build tool detected in workspace '/Users/zelkins/Desktop/Advent-Of-Code-2020'. The most common cause for this problem is that the editor was opened in the wrong working directory, for example if you use sbt then the workspace directory should contain build.sbt. 
2020.12.22 12:23:19 WARN  no build target for: /Users/zelkins/Desktop/Advent-Of-Code-2020/day01.scala
2020.12.22 12:23:19 WARN  no build target for: /Users/zelkins/Desktop/Advent-Of-Code-2020/day01.scala
2020.12.22 12:23:19 WARN  no build target for: /Users/zelkins/Desktop/Advent-Of-Code-2020/day01.scala
2020.12.22 12:23:22 WARN  no build target for: /Users/zelkins/Desktop/Advent-Of-Code-2020/day01.scala
2020.12.22 12:25:49 WARN  no build tool detected in workspace '/Users/zelkins/Desktop/Advent-Of-Code-2020'. The most common cause for this problem is that the editor was opened in the wrong working directory, for example if you use sbt then the workspace directory should contain build.sbt. 
2020.12.22 12:25:49 WARN  no build tool detected in workspace '/Users/zelkins/Desktop/Advent-Of-Code-2020'. The most common cause for this problem is that the editor was opened in the wrong working directory, for example if you use sbt then the workspace directory should contain build.sbt. 
2020.12.22 12:25:49 WARN  no build target for: /Users/zelkins/Desktop/Advent-Of-Code-2020/day01.scala
2020.12.22 12:25:49 WARN  no build target for: /Users/zelkins/Desktop/Advent-Of-Code-2020/day01.scala
2020.12.22 12:25:49 WARN  no build tool detected in workspace '/Users/zelkins/Desktop/Advent-Of-Code-2020'. The most common cause for this problem is that the editor was opened in the wrong working directory, for example if you use sbt then the workspace directory should contain build.sbt. 
2020.12.22 12:25:50 WARN  no build tool detected in workspace '/Users/zelkins/Desktop/Advent-Of-Code-2020'. The most common cause for this problem is that the editor was opened in the wrong working directory, for example if you use sbt then the workspace directory should contain build.sbt. 
2020.12.22 12:25:52 WARN  no build target for: /Users/zelkins/Desktop/Advent-Of-Code-2020/day01.scala
2020.12.22 12:25:52 WARN  no build target for: /Users/zelkins/Desktop/Advent-Of-Code-2020/day01.scala
2020.12.22 12:26:07 WARN  no build tool detected in workspace '/Users/zelkins/Desktop/Advent-Of-Code-2020'. The most common cause for this problem is that the editor was opened in the wrong working directory, for example if you use sbt then the workspace directory should contain build.sbt. 
2020.12.22 12:26:11 WARN  no build target for: /Users/zelkins/Desktop/Advent-Of-Code-2020/day01.scala
2020.12.22 12:26:11 WARN  no build tool detected in workspace '/Users/zelkins/Desktop/Advent-Of-Code-2020'. The most common cause for this problem is that the editor was opened in the wrong working directory, for example if you use sbt then the workspace directory should contain build.sbt. 
2020.12.22 12:26:11 WARN  no build tool detected in workspace '/Users/zelkins/Desktop/Advent-Of-Code-2020'. The most common cause for this problem is that the editor was opened in the wrong working directory, for example if you use sbt then the workspace directory should contain build.sbt. 
2020.12.22 12:26:11 WARN  no build target for: /Users/zelkins/Desktop/Advent-Of-Code-2020/day01.scala
2020.12.22 12:26:23 WARN  no build target for: /Users/zelkins/Desktop/Advent-Of-Code-2020/day01.scala
2020.12.22 12:26:23 WARN  no build target for: /Users/zelkins/Desktop/Advent-Of-Code-2020/day01.scala
2020.12.22 12:26:23 WARN  no build tool detected in workspace '/Users/zelkins/Desktop/Advent-Of-Code-2020'. The most common cause for this problem is that the editor was opened in the wrong working directory, for example if you use sbt then the workspace directory should contain build.sbt. 
2020.12.22 12:26:28 WARN  no build target for: /Users/zelkins/Desktop/Advent-Of-Code-2020/day01/day01.scala
2020.12.22 12:26:28 WARN  no build target for: /Users/zelkins/Desktop/Advent-Of-Code-2020/day01/day01.scala
2020.12.22 12:26:28 WARN  no build target for: /Users/zelkins/Desktop/Advent-Of-Code-2020/day01/day01.scala
2020.12.22 12:26:54 WARN  no build target for: /Users/zelkins/Desktop/Advent-Of-Code-2020/day01/day01.scala
2020.12.22 12:26:54 WARN  no build target for: /Users/zelkins/Desktop/Advent-Of-Code-2020/day01/day01.scala
2020.12.22 12:26:54 WARN  no build tool detected in workspace '/Users/zelkins/Desktop/Advent-Of-Code-2020'. The most common cause for this problem is that the editor was opened in the wrong working directory, for example if you use sbt then the workspace directory should contain build.sbt. 
2020.12.22 12:27:16 WARN  no build tool detected in workspace '/Users/zelkins/Desktop/Advent-Of-Code-2020'. The most common cause for this problem is that the editor was opened in the wrong working directory, for example if you use sbt then the workspace directory should contain build.sbt. 
2020.12.22 12:27:16 WARN  no build target for: /Users/zelkins/Desktop/Advent-Of-Code-2020/day01/day01.scala
2020.12.22 12:27:16 WARN  no build target for: /Users/zelkins/Desktop/Advent-Of-Code-2020/day01/day01.scala
2020.12.22 12:27:57 WARN  no build target for: /Users/zelkins/Desktop/Advent-Of-Code-2020/day01/day01.scala
2020.12.22 12:27:57 WARN  no build target for: /Users/zelkins/Desktop/Advent-Of-Code-2020/day01/day01.scala
2020.12.22 12:28:45 WARN  no build target for: /Users/zelkins/Desktop/Advent-Of-Code-2020/day01/day01.scala
2020.12.22 12:28:45 WARN  no build target for: /Users/zelkins/Desktop/Advent-Of-Code-2020/day01/day01.scala
2020.12.22 12:28:46 WARN  no build target for: /Users/zelkins/Desktop/Advent-Of-Code-2020/day01/day01.scala
2020.12.22 12:28:46 WARN  no build target for: /Users/zelkins/Desktop/Advent-Of-Code-2020/day01/day01.scala
2020.12.22 12:28:59 WARN  no build target for: /Users/zelkins/Desktop/Advent-Of-Code-2020/day01/day01.scala
2020.12.22 12:28:59 WARN  no build target for: /Users/zelkins/Desktop/Advent-Of-Code-2020/day01/day01.scala
2020.12.22 12:29:20 WARN  no build target for: /Users/zelkins/Desktop/Advent-Of-Code-2020/day01/day01.scala
2020.12.22 12:29:20 WARN  no build target for: /Users/zelkins/Desktop/Advent-Of-Code-2020/day01/day01.scala
2020.12.22 12:29:20 WARN  no build target for: /Users/zelkins/Desktop/Advent-Of-Code-2020/day01/day01.scala
2020.12.22 12:29:57 WARN  no build target for: /Users/zelkins/Desktop/Advent-Of-Code-2020/day01/day01.scala
2020.12.22 12:29:57 WARN  no build target for: /Users/zelkins/Desktop/Advent-Of-Code-2020/day01/day01.scala
2020.12.22 12:29:59 WARN  no build tool detected in workspace '/Users/zelkins/Desktop/Advent-Of-Code-2020'. The most common cause for this problem is that the editor was opened in the wrong working directory, for example if you use sbt then the workspace directory should contain build.sbt. 
2020.12.22 12:29:59 WARN  no build target for: /Users/zelkins/Desktop/Advent-Of-Code-2020/day01/day01.scala
2020.12.22 12:29:59 WARN  no build target for: /Users/zelkins/Desktop/Advent-Of-Code-2020/day01/day01.scala
2020.12.22 12:29:59 WARN  no build tool detected in workspace '/Users/zelkins/Desktop/Advent-Of-Code-2020'. The most common cause for this problem is that the editor was opened in the wrong working directory, for example if you use sbt then the workspace directory should contain build.sbt. 
2020.12.22 12:30:01 WARN  no build tool detected in workspace '/Users/zelkins/Desktop/Advent-Of-Code-2020'. The most common cause for this problem is that the editor was opened in the wrong working directory, for example if you use sbt then the workspace directory should contain build.sbt. 
2020.12.22 12:30:01 WARN  no build target for: /Users/zelkins/Desktop/Advent-Of-Code-2020/day01/day01.scala
2020.12.22 12:30:01 WARN  no build target for: /Users/zelkins/Desktop/Advent-Of-Code-2020/day01/day01.scala
2020.12.22 12:30:35 WARN  no build target for: /Users/zelkins/Desktop/Advent-Of-Code-2020/day01/day01.scala
2020.12.22 12:30:35 WARN  no build target for: /Users/zelkins/Desktop/Advent-Of-Code-2020/day01/day01.scala
2020.12.22 12:30:35 WARN  no build target for: /Users/zelkins/Desktop/Advent-Of-Code-2020/day01/day01.scala
2020.12.22 12:30:35 WARN  no build target for: /Users/zelkins/Desktop/Advent-Of-Code-2020/day01/day01.scala
2020.12.22 12:30:35 WARN  no build target for: /Users/zelkins/Desktop/Advent-Of-Code-2020/day01/day01.scala
2020.12.22 12:30:36 WARN  no build target for: /Users/zelkins/Desktop/Advent-Of-Code-2020/day01/day01.scala
2020.12.22 12:30:40 WARN  no build target for: /Users/zelkins/Desktop/Advent-Of-Code-2020/day01/day01.scala
2020.12.22 12:30:40 WARN  no build target for: /Users/zelkins/Desktop/Advent-Of-Code-2020/day01/day01.scala
2020.12.22 12:30:43 WARN  no build target for: /Users/zelkins/Desktop/Advent-Of-Code-2020/day01/day01.scala
2020.12.22 12:30:43 WARN  no build target for: /Users/zelkins/Desktop/Advent-Of-Code-2020/day01/day01.scala
2020.12.22 12:30:45 WARN  no build target for: /Users/zelkins/Desktop/Advent-Of-Code-2020/day01/day01.scala
2020.12.22 12:30:45 WARN  no build target for: /Users/zelkins/Desktop/Advent-Of-Code-2020/day01/day01.scala
2020.12.22 12:31:08 WARN  no build target for: /Users/zelkins/Desktop/Advent-Of-Code-2020/day01/day01.scala
2020.12.22 12:31:10 WARN  no build target for: /Users/zelkins/Desktop/Advent-Of-Code-2020/day01/day01.scala
2020.12.22 12:31:10 WARN  no build target for: /Users/zelkins/Desktop/Advent-Of-Code-2020/day01/day01.scala
2020.12.22 12:31:10 WARN  no build target for: /Users/zelkins/Desktop/Advent-Of-Code-2020/day01/day01.scala
2020.12.22 12:31:18 WARN  no build target for: /Users/zelkins/Desktop/Advent-Of-Code-2020/day01/day01.scala
2020.12.22 12:31:18 WARN  no build target for: /Users/zelkins/Desktop/Advent-Of-Code-2020/day01/day01.scala
2020.12.22 12:31:18 WARN  no build target for: /Users/zelkins/Desktop/Advent-Of-Code-2020/day01/day01.scala
2020.12.22 12:31:18 WARN  no build target for: /Users/zelkins/Desktop/Advent-Of-Code-2020/day01/day01.scala
2020.12.22 12:31:23 WARN  no build target for: /Users/zelkins/Desktop/Advent-Of-Code-2020/day01/day01.scala
2020.12.22 12:31:23 WARN  no build target for: /Users/zelkins/Desktop/Advent-Of-Code-2020/day01/day01.scala
2020.12.22 12:31:23 WARN  no build target for: /Users/zelkins/Desktop/Advent-Of-Code-2020/day01/day01.scala
2020.12.22 12:31:32 WARN  no build target for: /Users/zelkins/Desktop/Advent-Of-Code-2020/day01/day01.scala
2020.12.22 12:31:32 WARN  no build target for: /Users/zelkins/Desktop/Advent-Of-Code-2020/day01/day01.scala
2020.12.22 12:31:32 WARN  no build target for: /Users/zelkins/Desktop/Advent-Of-Code-2020/day01/day01.scala
2020.12.22 12:32:06 WARN  no build target for: /Users/zelkins/Desktop/Advent-Of-Code-2020/day01/day01.scala
2020.12.22 12:32:06 WARN  no build target for: /Users/zelkins/Desktop/Advent-Of-Code-2020/day01/day01.scala
2020.12.22 12:32:06 WARN  no build target for: /Users/zelkins/Desktop/Advent-Of-Code-2020/day01/day01.scala
2020.12.22 12:32:06 WARN  no build target for: /Users/zelkins/Desktop/Advent-Of-Code-2020/day01/day01.scala
2020.12.22 12:32:42 WARN  no build tool detected in workspace '/Users/zelkins/Desktop/Advent-Of-Code-2020'. The most common cause for this problem is that the editor was opened in the wrong working directory, for example if you use sbt then the workspace directory should contain build.sbt. 
2020.12.22 12:33:00 WARN  no build target for: /Users/zelkins/Desktop/Advent-Of-Code-2020/day01/day01.scala
2020.12.22 12:33:00 WARN  no build target for: /Users/zelkins/Desktop/Advent-Of-Code-2020/day01/day01.scala
2020.12.22 12:33:00 WARN  no build target for: /Users/zelkins/Desktop/Advent-Of-Code-2020/day01/day01.scala
2020.12.22 12:33:04 WARN  no build target for: /Users/zelkins/Desktop/Advent-Of-Code-2020/day01/day01.scala
2020.12.22 12:33:04 WARN  no build target for: /Users/zelkins/Desktop/Advent-Of-Code-2020/day01/day01.scala
2020.12.22 12:33:04 WARN  no build target for: /Users/zelkins/Desktop/Advent-Of-Code-2020/day01/day01.scala
2020.12.22 12:33:09 WARN  no build tool detected in workspace '/Users/zelkins/Desktop/Advent-Of-Code-2020'. The most common cause for this problem is that the editor was opened in the wrong working directory, for example if you use sbt then the workspace directory should contain build.sbt. 
2020.12.22 12:33:10 WARN  no build tool detected in workspace '/Users/zelkins/Desktop/Advent-Of-Code-2020'. The most common cause for this problem is that the editor was opened in the wrong working directory, for example if you use sbt then the workspace directory should contain build.sbt. 
2020.12.22 12:33:10 WARN  no build target for: /Users/zelkins/Desktop/Advent-Of-Code-2020/day01/day01.scala
2020.12.22 12:33:10 WARN  no build tool detected in workspace '/Users/zelkins/Desktop/Advent-Of-Code-2020'. The most common cause for this problem is that the editor was opened in the wrong working directory, for example if you use sbt then the workspace directory should contain build.sbt. 
2020.12.22 12:33:10 WARN  no build target for: /Users/zelkins/Desktop/Advent-Of-Code-2020/day01/day01.scala
2020.12.22 12:33:10 WARN  no build tool detected in workspace '/Users/zelkins/Desktop/Advent-Of-Code-2020'. The most common cause for this problem is that the editor was opened in the wrong working directory, for example if you use sbt then the workspace directory should contain build.sbt. 
2020.12.22 12:33:15 WARN  no build target for: /Users/zelkins/Desktop/Advent-Of-Code-2020/day01/day01.scala
2020.12.22 12:33:15 WARN  no build tool detected in workspace '/Users/zelkins/Desktop/Advent-Of-Code-2020'. The most common cause for this problem is that the editor was opened in the wrong working directory, for example if you use sbt then the workspace directory should contain build.sbt. 
2020.12.22 12:33:15 WARN  no build target for: /Users/zelkins/Desktop/Advent-Of-Code-2020/day01/day01.scala
2020.12.22 12:33:27 WARN  no build target for: /Users/zelkins/Desktop/Advent-Of-Code-2020/day01/day01.scala
2020.12.22 12:33:27 WARN  no build target for: /Users/zelkins/Desktop/Advent-Of-Code-2020/day01/day01.scala
2020.12.22 12:33:46 WARN  no build target for: /Users/zelkins/Desktop/Advent-Of-Code-2020/day01/day01.scala
2020.12.22 12:33:46 WARN  no build target for: /Users/zelkins/Desktop/Advent-Of-Code-2020/day01/day01.scala
2020.12.22 12:37:44 WARN  no build target for: /Users/zelkins/Desktop/Advent-Of-Code-2020/day01/day01.scala
2020.12.22 12:38:06 WARN  no build target for: /Users/zelkins/Desktop/Advent-Of-Code-2020/day01/day01.scala
2020.12.22 12:38:06 WARN  no build tool detected in workspace '/Users/zelkins/Desktop/Advent-Of-Code-2020'. The most common cause for this problem is that the editor was opened in the wrong working directory, for example if you use sbt then the workspace directory should contain build.sbt. 
2020.12.22 12:38:06 WARN  no build target for: /Users/zelkins/Desktop/Advent-Of-Code-2020/day01/day01.scala
2020.12.22 12:38:22 WARN  no build tool detected in workspace '/Users/zelkins/Desktop/Advent-Of-Code-2020'. The most common cause for this problem is that the editor was opened in the wrong working directory, for example if you use sbt then the workspace directory should contain build.sbt. 
2020.12.22 12:38:22 WARN  no build target for: /Users/zelkins/Desktop/Advent-Of-Code-2020/day01/day01.scala
2020.12.22 12:38:22 WARN  no build tool detected in workspace '/Users/zelkins/Desktop/Advent-Of-Code-2020'. The most common cause for this problem is that the editor was opened in the wrong working directory, for example if you use sbt then the workspace directory should contain build.sbt. 
2020.12.22 12:38:22 WARN  no build target for: /Users/zelkins/Desktop/Advent-Of-Code-2020/day01/day01.scala
2020.12.22 12:38:22 WARN  no build tool detected in workspace '/Users/zelkins/Desktop/Advent-Of-Code-2020'. The most common cause for this problem is that the editor was opened in the wrong working directory, for example if you use sbt then the workspace directory should contain build.sbt. 
2020.12.22 12:38:40 WARN  no build tool detected in workspace '/Users/zelkins/Desktop/Advent-Of-Code-2020'. The most common cause for this problem is that the editor was opened in the wrong working directory, for example if you use sbt then the workspace directory should contain build.sbt. 
2020.12.22 12:38:40 WARN  no build target for: /Users/zelkins/Desktop/Advent-Of-Code-2020/day01/day01.scala
2020.12.22 12:38:40 WARN  no build target for: /Users/zelkins/Desktop/Advent-Of-Code-2020/day01/day01.scala
2020.12.22 12:39:04 WARN  no build target for: /Users/zelkins/Desktop/Advent-Of-Code-2020/day01/day01.scala
2020.12.22 12:39:04 WARN  no build target for: /Users/zelkins/Desktop/Advent-Of-Code-2020/day01/day01.scala
2020.12.22 12:39:13 WARN  no build target for: /Users/zelkins/Desktop/Advent-Of-Code-2020/day01/day01.scala
2020.12.22 12:39:13 WARN  no build tool detected in workspace '/Users/zelkins/Desktop/Advent-Of-Code-2020'. The most common cause for this problem is that the editor was opened in the wrong working directory, for example if you use sbt then the workspace directory should contain build.sbt. 
2020.12.22 12:39:13 WARN  no build target for: /Users/zelkins/Desktop/Advent-Of-Code-2020/day01/day01.scala
2020.12.22 12:40:29 WARN  no build target for: /Users/zelkins/Desktop/Advent-Of-Code-2020/day01/day01.scala
2020.12.22 12:40:29 WARN  no build target for: /Users/zelkins/Desktop/Advent-Of-Code-2020/day01/day01.scala
2020.12.22 12:40:29 WARN  no build tool detected in workspace '/Users/zelkins/Desktop/Advent-Of-Code-2020'. The most common cause for this problem is that the editor was opened in the wrong working directory, for example if you use sbt then the workspace directory should contain build.sbt. 
2020.12.22 12:40:29 WARN  no build target for: /Users/zelkins/Desktop/Advent-Of-Code-2020/day01/day01.scala
2020.12.22 12:40:29 WARN  no build tool detected in workspace '/Users/zelkins/Desktop/Advent-Of-Code-2020'. The most common cause for this problem is that the editor was opened in the wrong working directory, for example if you use sbt then the workspace directory should contain build.sbt. 
2020.12.22 12:41:03 WARN  no build target for: /Users/zelkins/Desktop/Advent-Of-Code-2020/day01/day01.scala
2020.12.22 12:41:03 WARN  no build target for: /Users/zelkins/Desktop/Advent-Of-Code-2020/day01/day01.scala
2020.12.22 12:41:06 WARN  no build target for: /Users/zelkins/Desktop/Advent-Of-Code-2020/day01/day01.scala
2020.12.22 12:41:46 WARN  no build target for: /Users/zelkins/Desktop/Advent-Of-Code-2020/day01/day01.scala
2020.12.22 12:41:46 WARN  no build target for: /Users/zelkins/Desktop/Advent-Of-Code-2020/day01/day01.scala
2020.12.22 12:41:48 WARN  no build target for: /Users/zelkins/Desktop/Advent-Of-Code-2020/day01/day01.scala
2020.12.22 12:41:48 WARN  no build tool detected in workspace '/Users/zelkins/Desktop/Advent-Of-Code-2020'. The most common cause for this problem is that the editor was opened in the wrong working directory, for example if you use sbt then the workspace directory should contain build.sbt. 
2020.12.22 12:41:48 WARN  no build target for: /Users/zelkins/Desktop/Advent-Of-Code-2020/day01/day01.scala
2020.12.22 12:41:51 WARN  no build target for: /Users/zelkins/Desktop/Advent-Of-Code-2020/day01/day01.scala
2020.12.22 12:41:51 WARN  no build target for: /Users/zelkins/Desktop/Advent-Of-Code-2020/day01/day01.scala
2020.12.22 12:41:51 WARN  no build target for: /Users/zelkins/Desktop/Advent-Of-Code-2020/day01/day01.scala
2020.12.22 12:41:51 WARN  no build target for: /Users/zelkins/Desktop/Advent-Of-Code-2020/day01/day01.scala
2020.12.22 12:42:10 WARN  no build target for: /Users/zelkins/Desktop/Advent-Of-Code-2020/day01/day01.scala
2020.12.22 12:42:10 WARN  no build target for: /Users/zelkins/Desktop/Advent-Of-Code-2020/day01/day01.scala
2020.12.22 12:42:10 WARN  no build target for: /Users/zelkins/Desktop/Advent-Of-Code-2020/day01/day01.scala
2020.12.22 12:42:48 WARN  no build target for: /Users/zelkins/Desktop/Advent-Of-Code-2020/day01/day01.scala
2020.12.22 12:42:48 WARN  no build target for: /Users/zelkins/Desktop/Advent-Of-Code-2020/day01/day01.scala
2020.12.22 12:42:57 WARN  no build tool detected in workspace '/Users/zelkins/Desktop/Advent-Of-Code-2020'. The most common cause for this problem is that the editor was opened in the wrong working directory, for example if you use sbt then the workspace directory should contain build.sbt. 
2020.12.22 12:43:00 WARN  no build target for: /Users/zelkins/Desktop/Advent-Of-Code-2020/day01/day01.scala
2020.12.22 12:43:10 WARN  no build tool detected in workspace '/Users/zelkins/Desktop/Advent-Of-Code-2020'. The most common cause for this problem is that the editor was opened in the wrong working directory, for example if you use sbt then the workspace directory should contain build.sbt. 
2020.12.22 12:43:17 WARN  no build target for: /Users/zelkins/Desktop/Advent-Of-Code-2020/day01/day01.scala
2020.12.22 12:43:17 WARN  no build target for: /Users/zelkins/Desktop/Advent-Of-Code-2020/day01/day01.scala
2020.12.22 12:43:59 WARN  no build target for: /Users/zelkins/Desktop/Advent-Of-Code-2020/day01/day01.scala
2020.12.22 12:43:59 WARN  no build target for: /Users/zelkins/Desktop/Advent-Of-Code-2020/day01/day01.scala
